         w __deregister_frame_info
         w _ITM_deregisterTMCloneTable
         w _ITM_registerTMCloneTable
         w __register_frame_info
00000000 00000401 b __fixedpath
00000000 b .LANCHOR1
00000000 a shift
00000000 a shift
00000000 b _TLS_MODULE_BASE_
00000404 b .LANCHOR3
00000404 00000802 b __utf16path
00000c08 b .LANCHOR5
00000c08 00000802 b __utf16path_old.8298
00100000 T _start
00100000 A __start__
00100008 T __service_ptr
0010000c T __apt_appid
00100010 T __heap_size
00100014 T __linear_heap_size
00100018 T __system_arglist
0010001c T __system_runflags
00100020 t startup
00100058 t ClearMem
0010006c t ClrLoop
00100094 T _init
001000b0 00000010 t pi
001000c0 00000010 t e
001000d0 00000008 t add
001000d8 00000008 t sub
001000e0 00000008 t mul
001000e8 00000008 t divide
001000f0 00000008 t negate
001000f8 00000008 t comma
00100100 0000007c t new_expr
0010017c 00000144 t pn
001002c0 00000108 t ncr
001003c8 000000b0 t npr
00100478 00000098 t fac
00100510 000000d8 T te_free_parameters
001005e8 00000018 t te_free.part.3
00100600 0000000c T te_free
0010060c 0000046c T next_token
00100a78 00000098 t expr
00100b10 0000006c t list
00100b7c 00000268 t base
00100de4 0000009c t power
00100e80 0000007c t factor
00100efc 000000a8 t term
00100fa4 00000590 T te_eval
00101534 0000008c t optimize
001015c0 00000098 T te_compile
00101658 00000058 T te_interp
001016b0 00000008 T te_print
001016b8 T initSystem
001016fc T __ctru_exit
0010171c T __aeabi_uidiv
0010171c 000001ec T __udivsi3
0010171c t .udivsi3_skip_div0_test
00101908 00000020 T __aeabi_uidivmod
00101928 00000004 W __aeabi_idiv0
00101928 00000004 W __aeabi_ldiv0
0010192c T __aeabi_uldivmod
00101988 00000390 T strcmp
00101d10 T __aeabi_idiv
00101d10 00000220 T __divsi3
00101d18 t .divsi3_skip_div0_test
00101f30 00000020 T __aeabi_idivmod
00101f50 t deregister_tm_clones
00101f7c t register_tm_clones
00101fb4 t __do_global_dtors_aux
00101ff8 t frame_dummy
0010202c 00000020 T main
0010204c 0000008c t gfxSetFramebufferInfo.part.0
001020d8 0000006c t gfxSetFramebufferInfo
00102144 00000018 T __get_bytes_per_pixel
0010215c 00000184 T gfxSetScreenFormat
001022e0 00000210 T gfxInit
001024f0 00000010 T gfxInitDefault
00102500 000000e0 T gfxExit
001025e0 00000074 T gspInit
00102654 0000003c T gspExit
00102690 000000a0 T gspInitEventHandler
00102730 00000040 T gspExitEventHandler
00102770 00000044 T gspWaitForEvent
001027b4 00000004 W gxCmdQueueInterrupt
001027b8 00000178 t gspEventThreadMain
00102930 00000034 T GSPGPU_SetLcdForceBlack
00102964 00000064 T GSPGPU_RegisterInterruptRelayQueue
001029c8 0000002c T GSPGPU_UnregisterInterruptRelayQueue
001029f4 00000048 T GSPGPU_AcquireRight
00102a3c 0000002c T GSPGPU_ReleaseRight
00102a68 00000080 T GSPGPU_ImportDisplayCaptureInfo
00102ae8 0000002c T GSPGPU_SaveVramSysArea
00102b14 0000002c T GSPGPU_RestoreVramSysArea
00102b40 000000f0 T __system_initArgv
00102c30 T svcControlMemory
00102c50 T svcExitProcess
00102c58 T svcCreateThread
00102c78 T svcExitThread
00102c80 T svcSleepThread
00102c88 T svcReleaseMutex
00102c90 T svcCreateEvent
00102ca4 T svcSignalEvent
00102cac T svcClearEvent
00102cb4 T svcMapMemoryBlock
00102cbc T svcUnmapMemoryBlock
00102cc4 T svcCreateAddressArbiter
00102cd8 T svcArbitrateAddress
00102cf0 T svcCloseHandle
00102cf8 T svcWaitSynchronization
00102d00 T svcWaitSynchronizationN
00102d28 T svcDuplicateHandle
00102d3c T svcGetSystemTick
00102d44 T svcGetSystemInfo
00102d5c T svcConnectToPort
00102d70 T svcSendSyncRequest
00102d78 T svcBreak
00102d80 00000024 t addrMapNodeComparator(rbtree_node const*, rbtree_node const*)
00102da4 00000004 t addrMapNodeDestructor(rbtree_node*)
00102da8 00000110 T vramMemAlign
00102eb8 00000008 T vramAlloc
00102ec0 00000050 T vramFree
00102f10 00000024 t addrMapNodeComparator(rbtree_node const*, rbtree_node const*)
00102f34 00000004 t addrMapNodeDestructor(rbtree_node*)
00102f38 000000e4 T mappableAlloc
0010301c 00000050 T mappableFree
0010306c 00000024 t addrMapNodeComparator(rbtree_node const*, rbtree_node const*)
00103090 00000004 t addrMapNodeDestructor(rbtree_node*)
00103094 0000011c T linearMemAlign
001031b0 00000008 T linearAlloc
001031b8 00000050 T linearFree
00103208 00000090 T MemPool::CoalesceRight(MemBlock*)
00103298 00000174 T MemPool::Allocate(MemChunk&, unsigned long, int)
0010340c 000000fc T MemPool::Deallocate(MemChunk const&)
00103508 00000038 t LightLock_Unlock.part.1
00103540 0000000c T __sync_init
0010354c 00000018 T __sync_fini
00103564 00000010 T __sync_get_arbiter
00103574 00000018 T LightLock_Init
0010358c 0000009c T LightLock_Lock
00103628 00000034 T LightLock_TryLock
0010365c 00000020 T LightLock_Unlock
0010367c 00000024 T RecursiveLock_Init
001036a0 00000030 T RecursiveLock_Lock
001036d0 00000058 T RecursiveLock_TryLock
00103728 00000038 T RecursiveLock_Unlock
00103760 00000038 T LightEvent_Init
00103798 0000007c T LightEvent_Clear
00103814 000000dc T LightEvent_Signal
001038f0 000000c0 T LightEvent_Wait
001039b0 00000058 T srvExit
00103a08 00000038 T srvRegisterClient
00103a40 000000c8 T srvInit
00103b08 00000080 T srvGetServiceHandleDirect
00103b88 00000038 T srvGetServiceHandle
00103bc0 0000001c t threadFree.part.0
00103bdc 00000194 T threadCreate
00103d70 00000024 T threadJoin
00103d94 00000068 T threadExit
00103dfc 00000048 t _thread_begin
00103e44 0000000c T srvPmGetSessionHandle
00103e50 00000014 T rbtree_init
00103e64 0000018c t do_insert
00103ff0 00000008 T rbtree_insert
00103ff8 00000090 T rbtree_rotate
00104088 00000330 T rbtree_remove
001043b8 00000074 T rbtree_find
0010442c 00000038 W __libctru_init
00104464 00000030 t __ctru_get_reent
00104494 000000e8 T __system_initSyscalls
0010457c 00000104 W __system_allocateHeaps
00104680 0000001c W __appInit
0010469c 0000001c W __appExit
001046b8 000000a0 W __libctru_exit
00104758 00000080 T envGetHandle
001047d8 0000004c T envDestroyHandles
00104824 00000058 t getSysTime
0010487c 00000028 t __ctru_speedup_config.part.0
001048a4 00000024 T osGetMemRegionUsed
001048c8 00000128 T __libctru_gtod
001049f0 00000018 T __ctru_speedup_config
00104a08 00000010 t sdmc_link
00104a18 00000010 t sdmc_dirreset
00104a28 00000010 t sdmc_chmod
00104a38 00000024 t error_cmp
00104a5c 00000050 t sdmc_translate_error
00104aac 00000034 t sdmc_fsync
00104ae0 00000054 t sdmc_ftruncate
00104b34 000000b8 t sdmc_statvfs
00104bec 00000038 t sdmc_dirclose
00104c24 0000012c t sdmc_dirnext
00104d50 00000034 t sdmc_close
00104d84 00000074 t sdmc_fstat
00104df8 000000d8 t sdmc_seek
00104ed0 00000084 t sdmc_read
00104f54 000000c0 t sdmc_write
00105014 000001b0 t sdmc_utf16path
001051c4 00000074 t sdmc_rmdir
00105238 000000a4 t sdmc_diropen
001052dc 000000b0 t sdmc_chdir
0010538c 00000094 t sdmc_mkdir
00105420 00000108 t sdmc_rename
00105528 00000074 t sdmc_unlink
0010559c 00000108 t sdmc_stat
001056a4 00000198 t sdmc_open
0010583c 00000010 t sdmc_fchmod
0010584c 00000168 T sdmcInit
001059b4 00000060 T sdmcExit
00105a14 00000028 t fsSessionForArchive.part.0
00105a3c 000000c4 T fsInit
00105b00 0000003c T fsExit
00105b3c 00000064 T fsExemptFromSession
00105ba0 00000054 T fsUnexemptFromSession
00105bf4 000000bc T FSUSER_OpenFile
00105cb0 000000a4 T FSUSER_DeleteFile
00105d54 000000dc T FSUSER_RenameFile
00105e30 000000a4 T FSUSER_DeleteDirectory
00105ed4 000000bc T FSUSER_CreateFile
00105f90 000000ac T FSUSER_CreateDirectory
0010603c 000000dc T FSUSER_RenameDirectory
00106118 000000a0 T FSUSER_OpenDirectory
001061b8 00000098 T FSUSER_OpenArchive
00106250 00000070 T FSUSER_CloseArchive
001062c0 00000078 T FSUSER_GetSdmcArchiveResource
00106338 00000064 T FSUSER_IsSdmcWritable
0010639c 00000058 T FSFILE_Read
001063f4 00000064 T FSFILE_Write
00106458 00000038 T FSFILE_GetSize
00106490 00000028 T FSFILE_SetSize
001064b8 0000003c T FSFILE_Close
001064f4 00000024 T FSFILE_Flush
00106518 00000054 T FSDIR_Read
0010656c 0000003c T FSDIR_Close
001065a8 00000004 W _aptDebug
001065ac 00000170 T aptSendCommand
0010671c 0000003c t aptExitProcess
00106758 0000004c T APT_InquireNotification
001067a4 00000198 t aptEventHandler
0010693c 00000074 T APT_AppletUtility
001069b0 000000b0 T aptSetSleepAllowed
00106a60 000000b0 T APT_GlanceParameter
00106b10 000000c4 T APT_ReceiveParameter
00106bd4 000000bc t aptReceiveParameter.constprop.0
00106c90 000001e0 t aptScreenTransfer
00106e70 00000210 t aptWaitForWakeUp
00107080 00000070 T APT_CancelParameter
001070f0 0000025c T aptInit
0010734c 00000088 t aptClearParamQueue
001073d4 00000208 T aptMainLoop
001075e0 0000023c T aptExit
0010781c 0000007c T APT_CheckNew3DS
00107898 000000d0 T hidExit
00107968 00000090 T HIDUSER_GetHandles
001079f8 000001a4 T hidInit
00107b9c 00000074 T ptmSysmInit
00107c10 0000003c T ptmSysmExit
00107c4c 00000034 T PTMSYSM_ConfigureNew3DSCPU
00107c80 00000078 T rbtree_node_next
00107cf8 000000c0 T utf8_to_utf16
00107db8 00000138 T decode_utf8
00107ef0 000000e8 T utf16_to_utf8
00107fd8 T __aeabi_read_tp
00107fe4 00000050 T IRRST_GetHandles
00108034 00000154 T irrstInit
00108188 0000002c T IRRST_Shutdown
001081b4 000000ac T irrstExit
00108260 00000068 T encode_utf16
001082c8 00000104 T encode_utf8
001083cc 00000060 T decode_utf16
00108430 0000026c T atan
001086a0 0000015c T ceil
00108800 000000c8 T cos
001088c8 00000014 T fabs
001088e0 0000016c T floor
00108a50 000000d0 T sin
00108b20 000000f4 T tanh
00108c18 00000088 T tan
00108ca0 000000fc T acos
00108da0 000000fc T asin
00108e9c 00000004 T atan2
00108ea0 00000110 T cosh
00108fb0 00000160 T exp
00109110 00000100 T fmod
00109210 0000015c T log10
0010936c 00000164 T log
001094d0 00000390 T pow
00109860 00000128 T sinh
00109988 000000f0 T sqrt
00109a78 000002e4 T __ieee754_acos
00109d60 00000284 T __ieee754_asin
00109fe8 0000029c T __ieee754_atan2
0010a288 00000154 T __ieee754_cosh
0010a3e0 000002b0 T __ieee754_exp
0010a690 000003a0 T __ieee754_fmod
0010aa30 00000144 T __ieee754_log10
0010ab78 000002dc T __ieee754_log
0010ae58 00000908 T __ieee754_pow
0010b760 00000310 T __ieee754_rem_pio2
0010ba70 00000180 T __ieee754_sinh
0010bbf0 00000008 T __ieee754_sqrt
0010bbf8 00000158 T __kernel_cos
0010bd50 00000874 T __kernel_rem_pio2
0010c5c8 000000b8 T __kernel_sin
0010c680 00000288 T __kernel_tan
0010c908 000003a4 T expm1
0010ccac 00000014 T finite
0010ccc0 00000008 T matherr
0010ccc8 00000010 T nan
0010ccd8 0000017c T rint
0010ce58 00000178 T scalbn
0010cfd0 0000001c T copysign
0010cfec 0000002c T __aeabi_d2lz
0010cfec 0000002c T __fixdfdi
0010d018 00000040 T __aeabi_d2ulz
0010d018 00000040 T __fixunsdfdi
0010d058 00000128 T __udivmoddi4
0010d180 0000007c T bsearch
0010d1fc 00000020 T calloc
0010d21c 00000094 T _calloc_r
0010d2b0 0000000c T __errno
0010d2bc 00000040 T __libc_fini_array
0010d2fc 0000007c T __libc_init_array
0010d378 00000020 T memalign
0010d398 0000014c T _memalign_r
0010d4e4 00000018 T malloc
0010d4fc 00000018 T free
0010d514 0000078c T _malloc_r
0010dca0 00000118 T memcpy
0010ddb8 00000114 T memset
0010decc 0000000c T __malloc_lock
0010ded8 0000000c T __malloc_unlock
0010dee4 00000038 T printf
0010df1c 0000001c T putchar
0010df38 000000dc T _putc_r
0010e014 0000005c T strlen
0010e070 00000098 T strncat
0010e108 0000010c T strncmp
0010e214 000000e0 T strncpy
0010e2f4 0000005c T strnlen
0010e350 00000054 t sulp
0010e3a8 00001404 T _strtod_l
0010f7ac 00000040 T strtod
0010f7ec 00000630 t get_arg
0010fe20 00003724 T _vfprintf_r
00113544 000000d0 t __sbprintf
00113614 00000108 T __swbuf_r
0011371c 000000a0 T _wcrtomb_r
001137bc 00000020 T _wcsrtombs_r
001137dc 00000150 T __swsetup_r
0011392c 000001c8 t quorem
00113af8 000012e4 T _dtoa_r
00114ddc 00000270 T __sflush_r
0011504c 00000094 T _fflush_r
001150e0 00000078 t std
00115158 0000000c T _cleanup_r
00115164 0000008c T __sinit
001151f0 0000000c T __sfp_lock_acquire
001151fc 0000000c T __sfp_lock_release
00115208 000000f8 T _malloc_trim_r
00115300 000002e4 T _free_r
001155e4 00000080 T _fwalk_reent
00115664 000000ec t rshift
00115750 00000828 T __gethex
00115f78 00000060 T __match
00115fd8 00000254 T __hexnan
0011622c 00000008 T __localeconv_l
00116234 00000024 T _localeconv_r
00116258 00000024 T __locale_mb_cur_max
0011627c 00000024 T __locale_ctype_ptr
001162a0 00000094 T __swhatbuf_r
00116334 000000f4 T __smakebuf_r
00116428 000002fc T __utf8_mbtowc
00116724 00000100 T memchr
00116824 00000088 T _Balloc
001168ac 0000001c T _Bfree
001168c8 000000e0 T __multadd
001169a8 000000e4 T __s2b
00116a8c 00000058 T __hi0bits
00116ae4 0000009c T __lo0bits
00116b80 00000020 T __i2b
00116ba0 000001c4 T __multiply
00116d64 00000100 T __pow5mult
00116e64 000000f4 T __lshift
00116f58 0000005c T __mcmp
00116fb4 00000168 T __mdiff
0011711c 00000074 T __ulp
00117190 000000d4 T __b2d
00117264 00000100 T __d2b
00117364 00000084 T __ratio
001173e8 0000006c T __copybits
00117454 00000078 T __any_on
001174d0 000000a8 T frexp
00117578 0000003c T __sread
001175b4 00000068 T __swrite
0011761c 00000048 T __sseek
00117664 00000008 T __sclose
0011766c 00000180 T strchr
001177ec 00000034 T __sprint_r
00117820 00000184 T _wcsnrtombs_l
001179a4 00000064 T _wcsnrtombs_r
00117a08 000000e8 T __utf8_wctomb
00117af0 00000160 T _fclose_r
00117c50 000004a4 T __sfvwrite_r
001180f4 00000154 T memmove
00118248 000004bc T _realloc_r
00118704 00000008 t null_write
0011870c 00000018 T setDefaultDevice
00118724 000000cc T FindDevice
001187f0 00000028 T RemoveDevice
00118818 00000098 T AddDevice
001188b0 00000084 T _close_r
00118934 00000074 T _fstat_r
001189a8 00000008 T _isatty_r
001189b0 00000084 T _lseek_r
00118a34 00000080 T _read_r
00118ab4 00000070 T _sbrk_r
00118b24 00000080 T _write_r
00118ba4 000001cc T _concatenate_path
00118d70 0000015c T chdir
00118ecc 00000008 T __flockfile
00118ed4 00000008 T __funlockfile
00118edc 00000018 T __libc_lock_acquire
00118ef4 00000018 T __libc_lock_release
00118f0c 00000018 T __libc_lock_init_recursive
00118f24 00000018 T __libc_lock_acquire_recursive
00118f3c 00000018 T __libc_lock_release_recursive
00118f54 00000018 T __libc_lock_close_recursive
00118f6c 0000008c T __release_handle
00118ff8 00000018 T __get_handle
00119010 00000028 T __getreent
00119038 00000044 T strrchr
0011907c T _fini
0011a000 00000190 r functions
0011a210 r .LC2
0011a244 00000014 r CSWTCH.56
0011a26c 00000030 r error_table
0011a2f8 00000020 r atanhi
0011a318 00000020 r atanlo
0011a340 00000010 r halF
0011a350 00000010 r ln2HI
0011a360 00000010 r ln2LO
0011a370 00000010 r Zero
0011a380 00000080 r npio2_hw
0011a400 00000108 r two_over_pi
0011a508 00000040 r PIo2
0011a548 00000010 r init_jk
0011a558 00000010 r TWO52
0011a578 00000014 r fpi.7553
0011a58c 00000014 r fpinan.7589
0011a5a0 00000028 r tinytens
0011a604 00000010 r blanks.8720
0011a614 00000010 r zeroes.8721
0011a634 00000100 R __hexdig
0011a780 00000028 R __mprec_bigtens
0011a7a8 000000c8 R __mprec_tens
0011a870 0000000c r p05.7473
0011a87c 0000006c R __action_table
0011a8e8 00000100 R __chclass
0011a9e8 0000006c R __state_table
0011aa54 00000101 R _ctype_
0011ab60 00000070 R dotab_stdnull
0011abd0 00000003 R DIRECTORY_PARENT
0011abd4 r 
0011abd4 R __exidx_end
0011abd4 R __exidx_start
0011b000 W __stacksize__
0011b004 00000001 d botFormat
0011b005 00000001 d topFormat
0011b008 00000004 d gspLastEvent
0011b00c 00000004 V __ctru_linear_heap_size
0011b010 00000401 d __cwd
0011b414 00000068 d sdmc_devoptab
0011b47c 00000004 d aptFlags
0011b480 00000001 D __fdlib_version
0011b484 00000004 D _impure_ptr
0011b488 00000460 d impure_data
0011b8e8 00000408 D __malloc_av_
0011bcf0 00000004 D __malloc_sbrk_base
0011bcf4 00000004 D __malloc_trim_threshold
0011bcf8 0000000c d __malloc_recursive_mutex
0011bd04 0000000c d __sfp_recursive_mutex
0011bd10 0000000c d __sinit_recursive_mutex
0011bd1c 0000016c D __global_locale
0011be88 00000004 d defaultDevice
0011be8c 00000040 D devoptab_list
0011becc 00001000 d _current_working_directory
0011cecc 00000004 d __hndl_lock
0011ced0 0000000c d __stderr_handle
0011cedc 0000000c d __stdin_handle
0011cee8 0000000c d __stdout_handle
0011cef4 00001000 d handles
0011def4 t __frame_dummy_init_array_entry
0011def4 T __init_array_start
0011def4 B __preinit_array_end
0011def4 B __preinit_array_start
0011def4 D __tdata_lma
0011def4 D __tdata_lma_end
0011def4 D __TMC_END__
0011def4 d __TMC_LIST__
0011def8 t __do_global_dtors_aux_fini_array_entry
0011def8 T __fini_array_start
0011def8 T __init_array_end
0011defc T __bss_start__
0011defc T __fini_array_end
0011defc b saved_stack
0011df04 b completed.10347
0011df08 b object.10352
0011df20 00000002 b currentBuffer
0011df22 00000001 b enable3d
0011df24 00000004 b screenAlloc
0011df28 00000004 b screenFree
0011df2c 00000004 b gspEvent
0011df30 0000001c b gspEventCb
0011df4c 0000001c b gspEventCbData
0011df68 00000007 b gspEventCbOneShot
0011df70 0000001c b gspEventCounts
0011df8c 00000004 b gspEventData
0011df90 00000004 b gspEventThread
0011df94 00000038 b gspEvents
0011dfcc 00000004 b gspRefCount
0011dfd0 00000001 b gspRunEvents
0011dfd4 0000000c b sAddrMap
0011dfe0 00000008 b sVramPool
0011dfe8 00000008 b sMappablePool
0011dff0 0000000c b sAddrMap
0011dffc 00000008 b sLinearPool
0011e004 0000000c b sAddrMap
0011e010 00000004 b arbiter
0011e014 00000004 b srvHandle
0011e018 00000004 b srvRefCount
0011e01c 00000004 b srvPmHandle
0011e020 00000004 V __ctru_heap_size
0011e024 00000001 V __ctru_speedup
0011e028 00000008 b sdmcArchive
0011e030 00000001 b sdmcInitialised
0011e038 00000080 b fsExemptArchives
0011e0b8 00000004 b fsuHandle
0011e0bc 00000004 b fsuRefCount
0011e0c0 00000001 b aptChainloadMediatype
0011e0c8 00000008 b aptChainloadTid
0011e0d0 00000004 b aptEventHandlerThread
0011e0d4 0000000c b aptEvents
0011e0e0 0000000c b aptFirstHook
0011e0ec 00000001 b aptHomeButtonState
0011e0f0 00000004 b aptLockHandle
0011e0f4 00000004 b aptMessageFunc
0011e0f8 00000004 b aptMessageFuncData
0011e0fc 00001000 b aptParameters
0011f0fc 00000004 b aptRefCount
0011f100 00000008 b aptSleepEvent
0011f108 00000001 b flagInit.8273
0011f109 00000001 b flagValue.8274
0011f10c 00000004 b serviceName.7912
0011f110 00000004 b hidRefCount
0011f114 00000004 b kDown
0011f118 00000004 b kHeld
0011f11c 00000004 b kOld
0011f120 00000004 b kUp
0011f124 00000004 b ptmSysmHandle
0011f128 00000004 b ptmSysmRefCount
0011f12c 00000004 b irrstRefCount
0011f130 00000004 b kHeld
0011f134 00000028 B __malloc_current_mallinfo
0011f15c 00000004 B __malloc_max_sbrked_mem
0011f160 00000004 B __malloc_max_total_mem
0011f164 00000004 B __malloc_top_pad
0011f168 00000004 b heap_start.7392
0011f16c 00000004 B fake_heap_end
0011f170 00000004 B fake_heap_start
0011f174 00001000 b temp_cwd
00120174 00000048 B __syscalls
001201bc 00000008 B gfxBottomFramebuffers
001201c4 00000004 B gspSharedMemHandle
001201c8 0000001c B bottomFramebufferInfo
001201e4 00000004 B gspEvent
001201e8 00000008 B gfxTopLeftFramebuffers
001201f0 00000008 B gfxTopRightFramebuffers
001201f8 0000001c B topFramebufferInfo
00120214 00000001 B gfxThreadID
00120218 00000004 B gfxSharedMemory
0012021c 00000004 B gfxTopFramebufferMaxSize
00120220 00000004 B gfxBottomFramebufferMaxSize
00120224 00000004 B gxCmdBuf
00120228 00000004 B gspGpuHandle
0012022c 00000004 B __system_argv
00120230 00000004 B __system_argc
00120234 00000004 B __system_retAddr
00120238 00000004 B __ctru_linear_heap
0012023c 00000004 B __ctru_heap
00120240 00000004 B hidMemHandle
00120244 00000004 B hidHandle
00120248 00000004 B hidSharedMem
0012024c 00000014 B hidEvents
00120260 00000004 B irrstHandle
00120264 00000004 B irrstEvent
00120268 00000004 B irrstMemHandle
0012026c 00000004 B irrstSharedMem
00120270 B __tls_start
0012167c B __bss_end__
0012167c A __end__
0012167c B __tls_end
